<?xml version="1.0" encoding="UTF-8"?>
<!-- Generated by org.testng.reporters.JUnitReportReporter -->
<testsuite hostname="DESKTOP-ENO29IB" failures="0" tests="3" name="test.day1" time="0.016" errors="0" timestamp="2023-11-09T16:36:29 GMT-05:00" skipped="0">
  <testcase classname="test.day1" name="edgebrowser" time="0.004"/>
  <testcase classname="test.day1" name="chromebrowser" time="0.009"/>
  <testcase classname="test.day1" name="firefoxbrowser" time="0.003"/>
</testsuite> <!-- test.day1 -->
