<?xml version="1.0" encoding="UTF-8"?>
<!-- Generated by org.testng.reporters.JUnitReportReporter -->
<testsuite hostname="DESKTOP-ENO29IB" failures="0" tests="4" name="test.MobileOSType" time="0.018" errors="0" timestamp="2023-11-11T12:38:15 GMT-05:00" skipped="0">
  <testcase classname="test.MobileOSType" name="androiddevice" time="0.008"/>
  <testcase classname="test.MobileOSType" name="androiddevice" time="0.004"/>
  <testcase classname="test.MobileOSType" name="iOSMobiledevice" time="0.003"/>
  <testcase classname="test.MobileOSType" name="iOSMobiledevice" time="0.003"/>
</testsuite> <!-- test.MobileOSType -->
