<?xml version="1.0" encoding="UTF-8"?>
<!-- Generated by org.testng.reporters.JUnitReportReporter -->
<testsuite hostname="DESKTOP-ENO29IB" failures="0" tests="4" name="test.Login" time="0.045" errors="0" timestamp="2023-11-11T12:28:30 GMT-05:00" skipped="0">
  <testcase classname="test.Login" name="SignIn" time="0.002"/>
  <testcase classname="test.Login" name="SignIn" time="0.004"/>
  <testcase classname="test.Login" name="SignIn" time="0.033"/>
  <testcase classname="test.Login" name="SignIn" time="0.006"/>
</testsuite> <!-- test.Login -->
