<?xml version="1.0" encoding="UTF-8"?>
<!-- Generated by org.testng.reporters.JUnitReportReporter -->
<testsuite hostname="DESKTOP-ENO29IB" failures="0" tests="2" name="test.day2" time="0.032" errors="0" timestamp="2023-11-09T16:35:02 GMT-05:00" skipped="0">
  <testcase classname="test.day2" name="windowsdevice" time="0.017"/>
  <testcase classname="test.day2" name="iOSdevice" time="0.015"/>
</testsuite> <!-- test.day2 -->
